2006-11-05 10:51:11,890 - SimpleLog4JLogSystem initialized using logfile 'velocity.log'
2006-11-05 10:51:11,890 - ************************************************************** 
2006-11-05 10:51:11,890 - Starting Jakarta Velocity v1.3.1
2006-11-05 10:51:11,890 - RuntimeInstance initializing.
2006-11-05 10:51:11,890 - Default Properties File: org\apache\velocity\runtime\defaults\velocity.properties
2006-11-05 10:51:11,890 - Trying to use logger class org.apache.velocity.runtime.log.AvalonLogSystem
2006-11-05 10:51:11,890 - Couldn't find class org.apache.velocity.runtime.log.AvalonLogSystem or necessary supporting classes in classpath. Exception : java.lang.NoClassDefFoundError: org/apache/log/format/Formatter
2006-11-05 10:51:11,890 - Trying to use logger class org.apache.velocity.runtime.log.SimpleLog4JLogSystem
2006-11-05 10:51:11,890 - Using logger class org.apache.velocity.runtime.log.SimpleLog4JLogSystem
2006-11-05 10:51:11,906 - Default ResourceManager initializing. (class org.apache.velocity.runtime.resource.ResourceManagerImpl)
2006-11-05 10:51:11,906 - Resource Loader Instantiated: org.apache.velocity.runtime.resource.loader.FileResourceLoader
2006-11-05 10:51:11,906 - FileResourceLoader : initialization starting.
2006-11-05 10:51:11,906 - FileResourceLoader : adding path 'C:\pj\java\dbflute-0.2.2\templates'
2006-11-05 10:51:11,906 - FileResourceLoader : initialization complete.
2006-11-05 10:51:11,906 - ResourceCache : initialized. (class org.apache.velocity.runtime.resource.ResourceCacheImpl)
2006-11-05 10:51:11,906 - Default ResourceManager initialization complete.
2006-11-05 10:51:11,921 - Loaded System Directive: org.apache.velocity.runtime.directive.Literal
2006-11-05 10:51:11,921 - Loaded System Directive: org.apache.velocity.runtime.directive.Macro
2006-11-05 10:51:11,921 - Loaded System Directive: org.apache.velocity.runtime.directive.Parse
2006-11-05 10:51:11,937 - Loaded System Directive: org.apache.velocity.runtime.directive.Include
2006-11-05 10:51:11,937 - Loaded System Directive: org.apache.velocity.runtime.directive.Foreach
2006-11-05 10:51:12,093 - Created: 20 parsers.
2006-11-05 10:51:12,093 - Velocimacro : initialization starting.
2006-11-05 10:51:12,093 - Velocimacro : adding VMs from VM library template : VM_global_library.vm
2006-11-05 10:51:12,093 - ResourceManager : unable to find resource 'VM_global_library.vm' in any resource loader.
2006-11-05 10:51:12,093 - Velocimacro : error using  VM library template VM_global_library.vm : org.apache.velocity.exception.ResourceNotFoundException: Unable to find resource 'VM_global_library.vm'
2006-11-05 10:51:12,093 - Velocimacro :  VM library template macro registration complete.
2006-11-05 10:51:12,093 - Velocimacro : allowInline = true : VMs can be defined inline in templates
2006-11-05 10:51:12,093 - Velocimacro : allowInlineToOverride = false : VMs defined inline may NOT replace previous VM definitions
2006-11-05 10:51:12,093 - Velocimacro : allowInlineLocal = false : VMs defined inline will be  global in scope if allowed.
2006-11-05 10:51:12,093 - Velocimacro : messages on  : VM system will output logging messages
2006-11-05 10:51:12,093 - Velocimacro : autoload off  : VM system will not automatically reload global library macros
2006-11-05 10:51:12,093 - Velocimacro : initialization complete.
2006-11-05 10:51:12,093 - Velocity successfully started.
2006-11-05 10:51:12,296 - ResourceManager : found om/sql2entity-Control.vm with loader org.apache.velocity.runtime.resource.loader.FileResourceLoader
2006-11-05 10:51:12,312 - ResourceManager : found sql/base/derby/db.props with loader org.apache.velocity.runtime.resource.loader.FileResourceLoader
2006-11-05 10:51:12,312 - org.apache.velocity.runtime.exception.ReferenceException: reference : template = om/sql2entity-Control.vm [line 82,column 5] : $database.setupJavaDir_for_sql2entity() is not a valid reference.
2006-11-05 10:51:12,343 - ResourceManager : found om/java/bsentity/PlainBaseEntity.vm with loader org.apache.velocity.runtime.resource.loader.FileResourceLoader
2006-11-05 10:51:12,343 - ResourceManager : found om/java/exentity/ExtendedEntity.vm with loader org.apache.velocity.runtime.resource.loader.FileResourceLoader
2006-11-05 10:54:09,031 - SimpleLog4JLogSystem initialized using logfile 'velocity.log'
2006-11-05 10:54:09,031 - ************************************************************** 
2006-11-05 10:54:09,031 - Starting Jakarta Velocity v1.3.1
2006-11-05 10:54:09,031 - RuntimeInstance initializing.
2006-11-05 10:54:09,031 - Default Properties File: org\apache\velocity\runtime\defaults\velocity.properties
2006-11-05 10:54:09,031 - Trying to use logger class org.apache.velocity.runtime.log.AvalonLogSystem
2006-11-05 10:54:09,031 - Couldn't find class org.apache.velocity.runtime.log.AvalonLogSystem or necessary supporting classes in classpath. Exception : java.lang.NoClassDefFoundError: org/apache/log/format/Formatter
2006-11-05 10:54:09,031 - Trying to use logger class org.apache.velocity.runtime.log.SimpleLog4JLogSystem
2006-11-05 10:54:09,031 - Using logger class org.apache.velocity.runtime.log.SimpleLog4JLogSystem
2006-11-05 10:54:09,046 - Default ResourceManager initializing. (class org.apache.velocity.runtime.resource.ResourceManagerImpl)
2006-11-05 10:54:09,046 - Resource Loader Instantiated: org.apache.velocity.runtime.resource.loader.FileResourceLoader
2006-11-05 10:54:09,046 - FileResourceLoader : initialization starting.
2006-11-05 10:54:09,046 - FileResourceLoader : adding path 'C:\pj\java\dbflute-0.2.2\templates'
2006-11-05 10:54:09,046 - FileResourceLoader : initialization complete.
2006-11-05 10:54:09,062 - ResourceCache : initialized. (class org.apache.velocity.runtime.resource.ResourceCacheImpl)
2006-11-05 10:54:09,062 - Default ResourceManager initialization complete.
2006-11-05 10:54:09,062 - Loaded System Directive: org.apache.velocity.runtime.directive.Literal
2006-11-05 10:54:09,062 - Loaded System Directive: org.apache.velocity.runtime.directive.Macro
2006-11-05 10:54:09,062 - Loaded System Directive: org.apache.velocity.runtime.directive.Parse
2006-11-05 10:54:09,078 - Loaded System Directive: org.apache.velocity.runtime.directive.Include
2006-11-05 10:54:09,078 - Loaded System Directive: org.apache.velocity.runtime.directive.Foreach
2006-11-05 10:54:09,234 - Created: 20 parsers.
2006-11-05 10:54:09,234 - Velocimacro : initialization starting.
2006-11-05 10:54:09,234 - Velocimacro : adding VMs from VM library template : VM_global_library.vm
2006-11-05 10:54:09,234 - ResourceManager : unable to find resource 'VM_global_library.vm' in any resource loader.
2006-11-05 10:54:09,234 - Velocimacro : error using  VM library template VM_global_library.vm : org.apache.velocity.exception.ResourceNotFoundException: Unable to find resource 'VM_global_library.vm'
2006-11-05 10:54:09,234 - Velocimacro :  VM library template macro registration complete.
2006-11-05 10:54:09,234 - Velocimacro : allowInline = true : VMs can be defined inline in templates
2006-11-05 10:54:09,234 - Velocimacro : allowInlineToOverride = false : VMs defined inline may NOT replace previous VM definitions
2006-11-05 10:54:09,234 - Velocimacro : allowInlineLocal = false : VMs defined inline will be  global in scope if allowed.
2006-11-05 10:54:09,234 - Velocimacro : messages on  : VM system will output logging messages
2006-11-05 10:54:09,234 - Velocimacro : autoload off  : VM system will not automatically reload global library macros
2006-11-05 10:54:09,234 - Velocimacro : initialization complete.
2006-11-05 10:54:09,234 - Velocity successfully started.
2006-11-05 10:54:09,406 - ResourceManager : found om/sql2entity-Control.vm with loader org.apache.velocity.runtime.resource.loader.FileResourceLoader
2006-11-05 10:54:09,421 - ResourceManager : found sql/base/derby/db.props with loader org.apache.velocity.runtime.resource.loader.FileResourceLoader
2006-11-05 10:54:09,437 - org.apache.velocity.runtime.exception.ReferenceException: reference : template = om/sql2entity-Control.vm [line 82,column 5] : $database.setupJavaDir_for_sql2entity() is not a valid reference.
2006-11-05 10:54:09,453 - ResourceManager : found om/java/bsentity/PlainBaseEntity.vm with loader org.apache.velocity.runtime.resource.loader.FileResourceLoader
2006-11-05 10:54:24,953 - SimpleLog4JLogSystem initialized using logfile 'velocity.log'
2006-11-05 10:54:24,953 - ************************************************************** 
2006-11-05 10:54:24,953 - Starting Jakarta Velocity v1.3.1
2006-11-05 10:54:24,953 - RuntimeInstance initializing.
2006-11-05 10:54:24,953 - Default Properties File: org\apache\velocity\runtime\defaults\velocity.properties
2006-11-05 10:54:24,953 - Trying to use logger class org.apache.velocity.runtime.log.AvalonLogSystem
2006-11-05 10:54:24,953 - Couldn't find class org.apache.velocity.runtime.log.AvalonLogSystem or necessary supporting classes in classpath. Exception : java.lang.NoClassDefFoundError: org/apache/log/format/Formatter
2006-11-05 10:54:24,953 - Trying to use logger class org.apache.velocity.runtime.log.SimpleLog4JLogSystem
2006-11-05 10:54:24,953 - Using logger class org.apache.velocity.runtime.log.SimpleLog4JLogSystem
2006-11-05 10:54:24,953 - Default ResourceManager initializing. (class org.apache.velocity.runtime.resource.ResourceManagerImpl)
2006-11-05 10:54:24,953 - Resource Loader Instantiated: org.apache.velocity.runtime.resource.loader.FileResourceLoader
2006-11-05 10:54:24,953 - FileResourceLoader : initialization starting.
2006-11-05 10:54:24,953 - FileResourceLoader : adding path 'C:\pj\java\dbflute-0.2.2\templates'
2006-11-05 10:54:24,953 - FileResourceLoader : initialization complete.
2006-11-05 10:54:24,968 - ResourceCache : initialized. (class org.apache.velocity.runtime.resource.ResourceCacheImpl)
2006-11-05 10:54:24,968 - Default ResourceManager initialization complete.
2006-11-05 10:54:24,968 - Loaded System Directive: org.apache.velocity.runtime.directive.Literal
2006-11-05 10:54:24,968 - Loaded System Directive: org.apache.velocity.runtime.directive.Macro
2006-11-05 10:54:24,984 - Loaded System Directive: org.apache.velocity.runtime.directive.Parse
2006-11-05 10:54:24,984 - Loaded System Directive: org.apache.velocity.runtime.directive.Include
2006-11-05 10:54:24,984 - Loaded System Directive: org.apache.velocity.runtime.directive.Foreach
2006-11-05 10:54:25,156 - Created: 20 parsers.
2006-11-05 10:54:25,156 - Velocimacro : initialization starting.
2006-11-05 10:54:25,156 - Velocimacro : adding VMs from VM library template : VM_global_library.vm
2006-11-05 10:54:25,156 - ResourceManager : unable to find resource 'VM_global_library.vm' in any resource loader.
2006-11-05 10:54:25,156 - Velocimacro : error using  VM library template VM_global_library.vm : org.apache.velocity.exception.ResourceNotFoundException: Unable to find resource 'VM_global_library.vm'
2006-11-05 10:54:25,156 - Velocimacro :  VM library template macro registration complete.
2006-11-05 10:54:25,156 - Velocimacro : allowInline = true : VMs can be defined inline in templates
2006-11-05 10:54:25,156 - Velocimacro : allowInlineToOverride = false : VMs defined inline may NOT replace previous VM definitions
2006-11-05 10:54:25,156 - Velocimacro : allowInlineLocal = false : VMs defined inline will be  global in scope if allowed.
2006-11-05 10:54:25,156 - Velocimacro : messages on  : VM system will output logging messages
2006-11-05 10:54:25,156 - Velocimacro : autoload off  : VM system will not automatically reload global library macros
2006-11-05 10:54:25,156 - Velocimacro : initialization complete.
2006-11-05 10:54:25,156 - Velocity successfully started.
2006-11-05 10:54:25,343 - ResourceManager : found om/sql2entity-Control.vm with loader org.apache.velocity.runtime.resource.loader.FileResourceLoader
2006-11-05 10:54:25,343 - ResourceManager : found sql/base/derby/db.props with loader org.apache.velocity.runtime.resource.loader.FileResourceLoader
2006-11-05 10:54:25,359 - org.apache.velocity.runtime.exception.ReferenceException: reference : template = om/sql2entity-Control.vm [line 82,column 5] : $database.setupJavaDir_for_sql2entity() is not a valid reference.
2006-11-05 10:54:25,375 - ResourceManager : found om/java/bsentity/PlainBaseEntity.vm with loader org.apache.velocity.runtime.resource.loader.FileResourceLoader
2006-11-05 10:57:33,031 - SimpleLog4JLogSystem initialized using logfile 'velocity.log'
2006-11-05 10:57:33,031 - ************************************************************** 
2006-11-05 10:57:33,031 - Starting Jakarta Velocity v1.3.1
2006-11-05 10:57:33,031 - RuntimeInstance initializing.
2006-11-05 10:57:33,031 - Default Properties File: org\apache\velocity\runtime\defaults\velocity.properties
2006-11-05 10:57:33,031 - Trying to use logger class org.apache.velocity.runtime.log.AvalonLogSystem
2006-11-05 10:57:33,031 - Couldn't find class org.apache.velocity.runtime.log.AvalonLogSystem or necessary supporting classes in classpath. Exception : java.lang.NoClassDefFoundError: org/apache/log/format/Formatter
2006-11-05 10:57:33,031 - Trying to use logger class org.apache.velocity.runtime.log.SimpleLog4JLogSystem
2006-11-05 10:57:33,031 - Using logger class org.apache.velocity.runtime.log.SimpleLog4JLogSystem
2006-11-05 10:57:33,046 - Default ResourceManager initializing. (class org.apache.velocity.runtime.resource.ResourceManagerImpl)
2006-11-05 10:57:33,046 - Resource Loader Instantiated: org.apache.velocity.runtime.resource.loader.FileResourceLoader
2006-11-05 10:57:33,046 - FileResourceLoader : initialization starting.
2006-11-05 10:57:33,046 - FileResourceLoader : adding path 'C:\pj\java\dbflute-0.2.2\templates'
2006-11-05 10:57:33,046 - FileResourceLoader : initialization complete.
2006-11-05 10:57:33,062 - ResourceCache : initialized. (class org.apache.velocity.runtime.resource.ResourceCacheImpl)
2006-11-05 10:57:33,062 - Default ResourceManager initialization complete.
2006-11-05 10:57:33,062 - Loaded System Directive: org.apache.velocity.runtime.directive.Literal
2006-11-05 10:57:33,062 - Loaded System Directive: org.apache.velocity.runtime.directive.Macro
2006-11-05 10:57:33,062 - Loaded System Directive: org.apache.velocity.runtime.directive.Parse
2006-11-05 10:57:33,078 - Loaded System Directive: org.apache.velocity.runtime.directive.Include
2006-11-05 10:57:33,078 - Loaded System Directive: org.apache.velocity.runtime.directive.Foreach
2006-11-05 10:57:33,234 - Created: 20 parsers.
2006-11-05 10:57:33,234 - Velocimacro : initialization starting.
2006-11-05 10:57:33,234 - Velocimacro : adding VMs from VM library template : VM_global_library.vm
2006-11-05 10:57:33,234 - ResourceManager : unable to find resource 'VM_global_library.vm' in any resource loader.
2006-11-05 10:57:33,234 - Velocimacro : error using  VM library template VM_global_library.vm : org.apache.velocity.exception.ResourceNotFoundException: Unable to find resource 'VM_global_library.vm'
2006-11-05 10:57:33,234 - Velocimacro :  VM library template macro registration complete.
2006-11-05 10:57:33,234 - Velocimacro : allowInline = true : VMs can be defined inline in templates
2006-11-05 10:57:33,234 - Velocimacro : allowInlineToOverride = false : VMs defined inline may NOT replace previous VM definitions
2006-11-05 10:57:33,234 - Velocimacro : allowInlineLocal = false : VMs defined inline will be  global in scope if allowed.
2006-11-05 10:57:33,234 - Velocimacro : messages on  : VM system will output logging messages
2006-11-05 10:57:33,234 - Velocimacro : autoload off  : VM system will not automatically reload global library macros
2006-11-05 10:57:33,234 - Velocimacro : initialization complete.
2006-11-05 10:57:33,234 - Velocity successfully started.
2006-11-05 10:57:33,437 - ResourceManager : found om/sql2entity-Control.vm with loader org.apache.velocity.runtime.resource.loader.FileResourceLoader
2006-11-05 10:57:33,453 - ResourceManager : found sql/base/derby/db.props with loader org.apache.velocity.runtime.resource.loader.FileResourceLoader
2006-11-05 10:57:33,468 - org.apache.velocity.runtime.exception.ReferenceException: reference : template = om/sql2entity-Control.vm [line 82,column 5] : $database.setupJavaDir_for_sql2entity() is not a valid reference.
2006-11-05 10:57:33,500 - ResourceManager : found om/java/bsentity/PlainBaseEntity.vm with loader org.apache.velocity.runtime.resource.loader.FileResourceLoader
2006-11-05 10:57:33,500 - ResourceManager : found om/java/exentity/ExtendedEntity.vm with loader org.apache.velocity.runtime.resource.loader.FileResourceLoader
2006-11-05 11:01:01,562 - SimpleLog4JLogSystem initialized using logfile 'velocity.log'
2006-11-05 11:01:01,562 - ************************************************************** 
2006-11-05 11:01:01,562 - Starting Jakarta Velocity v1.3.1
2006-11-05 11:01:01,562 - RuntimeInstance initializing.
2006-11-05 11:01:01,562 - Default Properties File: org\apache\velocity\runtime\defaults\velocity.properties
2006-11-05 11:01:01,562 - Trying to use logger class org.apache.velocity.runtime.log.AvalonLogSystem
2006-11-05 11:01:01,562 - Couldn't find class org.apache.velocity.runtime.log.AvalonLogSystem or necessary supporting classes in classpath. Exception : java.lang.NoClassDefFoundError: org/apache/log/format/Formatter
2006-11-05 11:01:01,562 - Trying to use logger class org.apache.velocity.runtime.log.SimpleLog4JLogSystem
2006-11-05 11:01:01,562 - Using logger class org.apache.velocity.runtime.log.SimpleLog4JLogSystem
2006-11-05 11:01:01,562 - Default ResourceManager initializing. (class org.apache.velocity.runtime.resource.ResourceManagerImpl)
2006-11-05 11:01:01,578 - Resource Loader Instantiated: org.apache.velocity.runtime.resource.loader.FileResourceLoader
2006-11-05 11:01:01,578 - FileResourceLoader : initialization starting.
2006-11-05 11:01:01,578 - FileResourceLoader : adding path 'C:\pj\java\dbflute-0.2.2\templates'
2006-11-05 11:01:01,578 - FileResourceLoader : initialization complete.
2006-11-05 11:01:01,578 - ResourceCache : initialized. (class org.apache.velocity.runtime.resource.ResourceCacheImpl)
2006-11-05 11:01:01,578 - Default ResourceManager initialization complete.
2006-11-05 11:01:01,578 - Loaded System Directive: org.apache.velocity.runtime.directive.Literal
2006-11-05 11:01:01,578 - Loaded System Directive: org.apache.velocity.runtime.directive.Macro
2006-11-05 11:01:01,593 - Loaded System Directive: org.apache.velocity.runtime.directive.Parse
2006-11-05 11:01:01,593 - Loaded System Directive: org.apache.velocity.runtime.directive.Include
2006-11-05 11:01:01,593 - Loaded System Directive: org.apache.velocity.runtime.directive.Foreach
2006-11-05 11:01:01,750 - Created: 20 parsers.
2006-11-05 11:01:01,750 - Velocimacro : initialization starting.
2006-11-05 11:01:01,750 - Velocimacro : adding VMs from VM library template : VM_global_library.vm
2006-11-05 11:01:01,750 - ResourceManager : unable to find resource 'VM_global_library.vm' in any resource loader.
2006-11-05 11:01:01,750 - Velocimacro : error using  VM library template VM_global_library.vm : org.apache.velocity.exception.ResourceNotFoundException: Unable to find resource 'VM_global_library.vm'
2006-11-05 11:01:01,750 - Velocimacro :  VM library template macro registration complete.
2006-11-05 11:01:01,750 - Velocimacro : allowInline = true : VMs can be defined inline in templates
2006-11-05 11:01:01,750 - Velocimacro : allowInlineToOverride = false : VMs defined inline may NOT replace previous VM definitions
2006-11-05 11:01:01,750 - Velocimacro : allowInlineLocal = false : VMs defined inline will be  global in scope if allowed.
2006-11-05 11:01:01,750 - Velocimacro : messages on  : VM system will output logging messages
2006-11-05 11:01:01,750 - Velocimacro : autoload off  : VM system will not automatically reload global library macros
2006-11-05 11:01:01,750 - Velocimacro : initialization complete.
2006-11-05 11:01:01,750 - Velocity successfully started.
2006-11-05 11:01:01,953 - ResourceManager : found om/sql2entity-Control.vm with loader org.apache.velocity.runtime.resource.loader.FileResourceLoader
2006-11-05 11:01:01,953 - ResourceManager : found sql/base/derby/db.props with loader org.apache.velocity.runtime.resource.loader.FileResourceLoader
2006-11-05 11:01:01,968 - org.apache.velocity.runtime.exception.ReferenceException: reference : template = om/sql2entity-Control.vm [line 82,column 5] : $database.setupJavaDir_for_sql2entity() is not a valid reference.
2006-11-05 11:01:01,984 - ResourceManager : found om/java/bsentity/PlainBaseEntity.vm with loader org.apache.velocity.runtime.resource.loader.FileResourceLoader
2006-11-05 11:01:02,015 - ResourceManager : found om/java/exentity/ExtendedEntity.vm with loader org.apache.velocity.runtime.resource.loader.FileResourceLoader
2006-11-05 11:03:02,296 - SimpleLog4JLogSystem initialized using logfile 'velocity.log'
2006-11-05 11:03:02,296 - ************************************************************** 
2006-11-05 11:03:02,296 - Starting Jakarta Velocity v1.3.1
2006-11-05 11:03:02,296 - RuntimeInstance initializing.
2006-11-05 11:03:02,296 - Default Properties File: org\apache\velocity\runtime\defaults\velocity.properties
2006-11-05 11:03:02,296 - Trying to use logger class org.apache.velocity.runtime.log.AvalonLogSystem
2006-11-05 11:03:02,296 - Couldn't find class org.apache.velocity.runtime.log.AvalonLogSystem or necessary supporting classes in classpath. Exception : java.lang.NoClassDefFoundError: org/apache/log/format/Formatter
2006-11-05 11:03:02,296 - Trying to use logger class org.apache.velocity.runtime.log.SimpleLog4JLogSystem
2006-11-05 11:03:02,296 - Using logger class org.apache.velocity.runtime.log.SimpleLog4JLogSystem
2006-11-05 11:03:02,296 - Default ResourceManager initializing. (class org.apache.velocity.runtime.resource.ResourceManagerImpl)
2006-11-05 11:03:02,312 - Resource Loader Instantiated: org.apache.velocity.runtime.resource.loader.FileResourceLoader
2006-11-05 11:03:02,312 - FileResourceLoader : initialization starting.
2006-11-05 11:03:02,312 - FileResourceLoader : adding path 'C:\pj\java\dbflute-0.2.2\templates'
2006-11-05 11:03:02,312 - FileResourceLoader : initialization complete.
2006-11-05 11:03:02,312 - ResourceCache : initialized. (class org.apache.velocity.runtime.resource.ResourceCacheImpl)
2006-11-05 11:03:02,312 - Default ResourceManager initialization complete.
2006-11-05 11:03:02,312 - Loaded System Directive: org.apache.velocity.runtime.directive.Literal
2006-11-05 11:03:02,312 - Loaded System Directive: org.apache.velocity.runtime.directive.Macro
2006-11-05 11:03:02,328 - Loaded System Directive: org.apache.velocity.runtime.directive.Parse
2006-11-05 11:03:02,328 - Loaded System Directive: org.apache.velocity.runtime.directive.Include
2006-11-05 11:03:02,328 - Loaded System Directive: org.apache.velocity.runtime.directive.Foreach
2006-11-05 11:03:02,484 - Created: 20 parsers.
2006-11-05 11:03:02,484 - Velocimacro : initialization starting.
2006-11-05 11:03:02,484 - Velocimacro : adding VMs from VM library template : VM_global_library.vm
2006-11-05 11:03:02,484 - ResourceManager : unable to find resource 'VM_global_library.vm' in any resource loader.
2006-11-05 11:03:02,484 - Velocimacro : error using  VM library template VM_global_library.vm : org.apache.velocity.exception.ResourceNotFoundException: Unable to find resource 'VM_global_library.vm'
2006-11-05 11:03:02,484 - Velocimacro :  VM library template macro registration complete.
2006-11-05 11:03:02,484 - Velocimacro : allowInline = true : VMs can be defined inline in templates
2006-11-05 11:03:02,484 - Velocimacro : allowInlineToOverride = false : VMs defined inline may NOT replace previous VM definitions
2006-11-05 11:03:02,484 - Velocimacro : allowInlineLocal = false : VMs defined inline will be  global in scope if allowed.
2006-11-05 11:03:02,484 - Velocimacro : messages on  : VM system will output logging messages
2006-11-05 11:03:02,500 - Velocimacro : autoload off  : VM system will not automatically reload global library macros
2006-11-05 11:03:02,500 - Velocimacro : initialization complete.
2006-11-05 11:03:02,500 - Velocity successfully started.
2006-11-05 11:03:02,671 - ResourceManager : found om/sql2entity-Control.vm with loader org.apache.velocity.runtime.resource.loader.FileResourceLoader
2006-11-05 11:03:02,687 - ResourceManager : found sql/base/derby/db.props with loader org.apache.velocity.runtime.resource.loader.FileResourceLoader
2006-11-05 11:03:02,718 - ResourceManager : found om/java/bsentity/PlainBaseEntity.vm with loader org.apache.velocity.runtime.resource.loader.FileResourceLoader
2006-11-05 11:03:02,718 - ResourceManager : found om/java/exentity/ExtendedEntity.vm with loader org.apache.velocity.runtime.resource.loader.FileResourceLoader
2006-11-05 11:06:17,656 - SimpleLog4JLogSystem initialized using logfile 'velocity.log'
2006-11-05 11:06:17,656 - ************************************************************** 
2006-11-05 11:06:17,656 - Starting Jakarta Velocity v1.3.1
2006-11-05 11:06:17,656 - RuntimeInstance initializing.
2006-11-05 11:06:17,656 - Default Properties File: org\apache\velocity\runtime\defaults\velocity.properties
2006-11-05 11:06:17,656 - Trying to use logger class org.apache.velocity.runtime.log.AvalonLogSystem
2006-11-05 11:06:17,656 - Couldn't find class org.apache.velocity.runtime.log.AvalonLogSystem or necessary supporting classes in classpath. Exception : java.lang.NoClassDefFoundError: org/apache/log/format/Formatter
2006-11-05 11:06:17,656 - Trying to use logger class org.apache.velocity.runtime.log.SimpleLog4JLogSystem
2006-11-05 11:06:17,656 - Using logger class org.apache.velocity.runtime.log.SimpleLog4JLogSystem
2006-11-05 11:06:17,656 - Default ResourceManager initializing. (class org.apache.velocity.runtime.resource.ResourceManagerImpl)
2006-11-05 11:06:17,656 - Resource Loader Instantiated: org.apache.velocity.runtime.resource.loader.FileResourceLoader
2006-11-05 11:06:17,656 - FileResourceLoader : initialization starting.
2006-11-05 11:06:17,656 - FileResourceLoader : adding path 'C:\pj\java\dbflute-0.2.2\templates'
2006-11-05 11:06:17,656 - FileResourceLoader : initialization complete.
2006-11-05 11:06:17,671 - ResourceCache : initialized. (class org.apache.velocity.runtime.resource.ResourceCacheImpl)
2006-11-05 11:06:17,671 - Default ResourceManager initialization complete.
2006-11-05 11:06:17,671 - Loaded System Directive: org.apache.velocity.runtime.directive.Literal
2006-11-05 11:06:17,671 - Loaded System Directive: org.apache.velocity.runtime.directive.Macro
2006-11-05 11:06:17,671 - Loaded System Directive: org.apache.velocity.runtime.directive.Parse
2006-11-05 11:06:17,687 - Loaded System Directive: org.apache.velocity.runtime.directive.Include
2006-11-05 11:06:17,687 - Loaded System Directive: org.apache.velocity.runtime.directive.Foreach
2006-11-05 11:06:17,843 - Created: 20 parsers.
2006-11-05 11:06:17,843 - Velocimacro : initialization starting.
2006-11-05 11:06:17,843 - Velocimacro : adding VMs from VM library template : VM_global_library.vm
2006-11-05 11:06:17,843 - ResourceManager : unable to find resource 'VM_global_library.vm' in any resource loader.
2006-11-05 11:06:17,843 - Velocimacro : error using  VM library template VM_global_library.vm : org.apache.velocity.exception.ResourceNotFoundException: Unable to find resource 'VM_global_library.vm'
2006-11-05 11:06:17,843 - Velocimacro :  VM library template macro registration complete.
2006-11-05 11:06:17,843 - Velocimacro : allowInline = true : VMs can be defined inline in templates
2006-11-05 11:06:17,843 - Velocimacro : allowInlineToOverride = false : VMs defined inline may NOT replace previous VM definitions
2006-11-05 11:06:17,843 - Velocimacro : allowInlineLocal = false : VMs defined inline will be  global in scope if allowed.
2006-11-05 11:06:17,843 - Velocimacro : messages on  : VM system will output logging messages
2006-11-05 11:06:17,843 - Velocimacro : autoload off  : VM system will not automatically reload global library macros
2006-11-05 11:06:17,843 - Velocimacro : initialization complete.
2006-11-05 11:06:17,843 - Velocity successfully started.
2006-11-05 11:06:18,031 - ResourceManager : found om/sql2entity-Control.vm with loader org.apache.velocity.runtime.resource.loader.FileResourceLoader
2006-11-05 11:06:18,046 - ResourceManager : found sql/base/derby/db.props with loader org.apache.velocity.runtime.resource.loader.FileResourceLoader
2006-11-05 11:06:18,078 - ResourceManager : found om/java/bsentity/PlainBaseEntity.vm with loader org.apache.velocity.runtime.resource.loader.FileResourceLoader
2006-11-05 11:07:01,187 - SimpleLog4JLogSystem initialized using logfile 'velocity.log'
2006-11-05 11:07:01,187 - ************************************************************** 
2006-11-05 11:07:01,187 - Starting Jakarta Velocity v1.3.1
2006-11-05 11:07:01,187 - RuntimeInstance initializing.
2006-11-05 11:07:01,187 - Default Properties File: org\apache\velocity\runtime\defaults\velocity.properties
2006-11-05 11:07:01,187 - Trying to use logger class org.apache.velocity.runtime.log.AvalonLogSystem
2006-11-05 11:07:01,187 - Couldn't find class org.apache.velocity.runtime.log.AvalonLogSystem or necessary supporting classes in classpath. Exception : java.lang.NoClassDefFoundError: org/apache/log/format/Formatter
2006-11-05 11:07:01,187 - Trying to use logger class org.apache.velocity.runtime.log.SimpleLog4JLogSystem
2006-11-05 11:07:01,187 - Using logger class org.apache.velocity.runtime.log.SimpleLog4JLogSystem
2006-11-05 11:07:01,187 - Default ResourceManager initializing. (class org.apache.velocity.runtime.resource.ResourceManagerImpl)
2006-11-05 11:07:01,203 - Resource Loader Instantiated: org.apache.velocity.runtime.resource.loader.FileResourceLoader
2006-11-05 11:07:01,203 - FileResourceLoader : initialization starting.
2006-11-05 11:07:01,203 - FileResourceLoader : adding path 'C:\pj\java\dbflute-0.2.2\templates'
2006-11-05 11:07:01,203 - FileResourceLoader : initialization complete.
2006-11-05 11:07:01,203 - ResourceCache : initialized. (class org.apache.velocity.runtime.resource.ResourceCacheImpl)
2006-11-05 11:07:01,203 - Default ResourceManager initialization complete.
2006-11-05 11:07:01,203 - Loaded System Directive: org.apache.velocity.runtime.directive.Literal
2006-11-05 11:07:01,218 - Loaded System Directive: org.apache.velocity.runtime.directive.Macro
2006-11-05 11:07:01,218 - Loaded System Directive: org.apache.velocity.runtime.directive.Parse
2006-11-05 11:07:01,218 - Loaded System Directive: org.apache.velocity.runtime.directive.Include
2006-11-05 11:07:01,218 - Loaded System Directive: org.apache.velocity.runtime.directive.Foreach
2006-11-05 11:07:01,343 - Created: 20 parsers.
2006-11-05 11:07:01,343 - Velocimacro : initialization starting.
2006-11-05 11:07:01,343 - Velocimacro : adding VMs from VM library template : VM_global_library.vm
2006-11-05 11:07:01,343 - ResourceManager : unable to find resource 'VM_global_library.vm' in any resource loader.
2006-11-05 11:07:01,343 - Velocimacro : error using  VM library template VM_global_library.vm : org.apache.velocity.exception.ResourceNotFoundException: Unable to find resource 'VM_global_library.vm'
2006-11-05 11:07:01,343 - Velocimacro :  VM library template macro registration complete.
2006-11-05 11:07:01,343 - Velocimacro : allowInline = true : VMs can be defined inline in templates
2006-11-05 11:07:01,343 - Velocimacro : allowInlineToOverride = false : VMs defined inline may NOT replace previous VM definitions
2006-11-05 11:07:01,343 - Velocimacro : allowInlineLocal = false : VMs defined inline will be  global in scope if allowed.
2006-11-05 11:07:01,343 - Velocimacro : messages on  : VM system will output logging messages
2006-11-05 11:07:01,343 - Velocimacro : autoload off  : VM system will not automatically reload global library macros
2006-11-05 11:07:01,343 - Velocimacro : initialization complete.
2006-11-05 11:07:01,343 - Velocity successfully started.
2006-11-05 11:07:01,890 - ResourceManager : found doc/Control.vm with loader org.apache.velocity.runtime.resource.loader.FileResourceLoader
2006-11-05 11:07:01,906 - ResourceManager : found doc/html/datamodel.vm with loader org.apache.velocity.runtime.resource.loader.FileResourceLoader
2006-11-05 11:07:01,953 - ResourceManager : found doc/html/table.vm with loader org.apache.velocity.runtime.resource.loader.FileResourceLoader
2006-11-05 11:07:01,968 - ResourceManager : found doc/html/table.vm with loader org.apache.velocity.runtime.resource.loader.FileResourceLoader
2006-11-05 11:07:01,984 - ResourceManager : found doc/html/table.vm with loader org.apache.velocity.runtime.resource.loader.FileResourceLoader
2006-11-05 11:07:02,000 - ResourceManager : found doc/html/table.vm with loader org.apache.velocity.runtime.resource.loader.FileResourceLoader
2006-11-05 11:07:02,015 - ResourceManager : found doc/html/table.vm with loader org.apache.velocity.runtime.resource.loader.FileResourceLoader
2006-11-05 11:07:02,031 - ResourceManager : found doc/html/table.vm with loader org.apache.velocity.runtime.resource.loader.FileResourceLoader
2006-11-05 11:07:02,031 - ResourceManager : found doc/html/table.vm with loader org.apache.velocity.runtime.resource.loader.FileResourceLoader
2006-11-05 11:07:02,046 - ResourceManager : found doc/html/table.vm with loader org.apache.velocity.runtime.resource.loader.FileResourceLoader
2006-11-05 11:07:02,046 - ResourceManager : found doc/html/table.vm with loader org.apache.velocity.runtime.resource.loader.FileResourceLoader
2006-11-05 11:07:02,062 - ResourceManager : found doc/html/table.vm with loader org.apache.velocity.runtime.resource.loader.FileResourceLoader
2006-11-05 11:07:02,062 - ResourceManager : found doc/html/table.vm with loader org.apache.velocity.runtime.resource.loader.FileResourceLoader
2006-11-05 11:07:02,078 - ResourceManager : found doc/html/table.vm with loader org.apache.velocity.runtime.resource.loader.FileResourceLoader
2006-11-05 11:07:02,078 - ResourceManager : found doc/html/table.vm with loader org.apache.velocity.runtime.resource.loader.FileResourceLoader
2006-11-05 11:07:02,078 - ResourceManager : found doc/html/table.vm with loader org.apache.velocity.runtime.resource.loader.FileResourceLoader
2006-11-05 11:07:02,093 - ResourceManager : found doc/html/table.vm with loader org.apache.velocity.runtime.resource.loader.FileResourceLoader
2006-11-05 11:07:02,093 - ResourceManager : found doc/html/table.vm with loader org.apache.velocity.runtime.resource.loader.FileResourceLoader
2006-11-05 11:07:02,093 - ResourceManager : found doc/html/table.vm with loader org.apache.velocity.runtime.resource.loader.FileResourceLoader
2006-11-05 11:07:07,968 - SimpleLog4JLogSystem initialized using logfile 'velocity.log'
2006-11-05 11:07:07,968 - ************************************************************** 
2006-11-05 11:07:07,968 - Starting Jakarta Velocity v1.3.1
2006-11-05 11:07:07,968 - RuntimeInstance initializing.
2006-11-05 11:07:07,968 - Default Properties File: org\apache\velocity\runtime\defaults\velocity.properties
2006-11-05 11:07:07,968 - Trying to use logger class org.apache.velocity.runtime.log.AvalonLogSystem
2006-11-05 11:07:07,968 - Couldn't find class org.apache.velocity.runtime.log.AvalonLogSystem or necessary supporting classes in classpath. Exception : java.lang.NoClassDefFoundError: org/apache/log/format/Formatter
2006-11-05 11:07:07,968 - Trying to use logger class org.apache.velocity.runtime.log.SimpleLog4JLogSystem
2006-11-05 11:07:07,968 - Using logger class org.apache.velocity.runtime.log.SimpleLog4JLogSystem
2006-11-05 11:07:07,968 - Default ResourceManager initializing. (class org.apache.velocity.runtime.resource.ResourceManagerImpl)
2006-11-05 11:07:07,984 - Resource Loader Instantiated: org.apache.velocity.runtime.resource.loader.FileResourceLoader
2006-11-05 11:07:07,984 - FileResourceLoader : initialization starting.
2006-11-05 11:07:07,984 - FileResourceLoader : adding path 'C:\pj\java\dbflute-0.2.2\templates'
2006-11-05 11:07:07,984 - FileResourceLoader : initialization complete.
2006-11-05 11:07:07,984 - ResourceCache : initialized. (class org.apache.velocity.runtime.resource.ResourceCacheImpl)
2006-11-05 11:07:07,984 - Default ResourceManager initialization complete.
2006-11-05 11:07:07,984 - Loaded System Directive: org.apache.velocity.runtime.directive.Literal
2006-11-05 11:07:07,984 - Loaded System Directive: org.apache.velocity.runtime.directive.Macro
2006-11-05 11:07:08,000 - Loaded System Directive: org.apache.velocity.runtime.directive.Parse
2006-11-05 11:07:08,000 - Loaded System Directive: org.apache.velocity.runtime.directive.Include
2006-11-05 11:07:08,000 - Loaded System Directive: org.apache.velocity.runtime.directive.Foreach
2006-11-05 11:07:08,156 - Created: 20 parsers.
2006-11-05 11:07:08,156 - Velocimacro : initialization starting.
2006-11-05 11:07:08,156 - Velocimacro : adding VMs from VM library template : VM_global_library.vm
2006-11-05 11:07:08,171 - ResourceManager : unable to find resource 'VM_global_library.vm' in any resource loader.
2006-11-05 11:07:08,171 - Velocimacro : error using  VM library template VM_global_library.vm : org.apache.velocity.exception.ResourceNotFoundException: Unable to find resource 'VM_global_library.vm'
2006-11-05 11:07:08,171 - Velocimacro :  VM library template macro registration complete.
2006-11-05 11:07:08,171 - Velocimacro : allowInline = true : VMs can be defined inline in templates
2006-11-05 11:07:08,171 - Velocimacro : allowInlineToOverride = false : VMs defined inline may NOT replace previous VM definitions
2006-11-05 11:07:08,171 - Velocimacro : allowInlineLocal = false : VMs defined inline will be  global in scope if allowed.
2006-11-05 11:07:08,171 - Velocimacro : messages on  : VM system will output logging messages
2006-11-05 11:07:08,171 - Velocimacro : autoload off  : VM system will not automatically reload global library macros
2006-11-05 11:07:08,171 - Velocimacro : initialization complete.
2006-11-05 11:07:08,171 - Velocity successfully started.
2006-11-05 11:07:08,359 - ResourceManager : found om/sql2entity-Control.vm with loader org.apache.velocity.runtime.resource.loader.FileResourceLoader
2006-11-05 11:07:08,375 - ResourceManager : found sql/base/derby/db.props with loader org.apache.velocity.runtime.resource.loader.FileResourceLoader
2006-11-05 11:07:08,406 - ResourceManager : found om/java/bsentity/PlainBaseEntity.vm with loader org.apache.velocity.runtime.resource.loader.FileResourceLoader
2006-11-05 11:12:54,109 - SimpleLog4JLogSystem initialized using logfile 'velocity.log'
2006-11-05 11:12:54,109 - ************************************************************** 
2006-11-05 11:12:54,109 - Starting Jakarta Velocity v1.3.1
2006-11-05 11:12:54,109 - RuntimeInstance initializing.
2006-11-05 11:12:54,109 - Default Properties File: org\apache\velocity\runtime\defaults\velocity.properties
2006-11-05 11:12:54,109 - Trying to use logger class org.apache.velocity.runtime.log.AvalonLogSystem
2006-11-05 11:12:54,109 - Couldn't find class org.apache.velocity.runtime.log.AvalonLogSystem or necessary supporting classes in classpath. Exception : java.lang.NoClassDefFoundError: org/apache/log/format/Formatter
2006-11-05 11:12:54,109 - Trying to use logger class org.apache.velocity.runtime.log.SimpleLog4JLogSystem
2006-11-05 11:12:54,109 - Using logger class org.apache.velocity.runtime.log.SimpleLog4JLogSystem
2006-11-05 11:12:54,125 - Default ResourceManager initializing. (class org.apache.velocity.runtime.resource.ResourceManagerImpl)
2006-11-05 11:12:54,125 - Resource Loader Instantiated: org.apache.velocity.runtime.resource.loader.FileResourceLoader
2006-11-05 11:12:54,125 - FileResourceLoader : initialization starting.
2006-11-05 11:12:54,125 - FileResourceLoader : adding path 'C:\pj\java\dbflute-0.2.2\templates'
2006-11-05 11:12:54,125 - FileResourceLoader : initialization complete.
2006-11-05 11:12:54,140 - ResourceCache : initialized. (class org.apache.velocity.runtime.resource.ResourceCacheImpl)
2006-11-05 11:12:54,140 - Default ResourceManager initialization complete.
2006-11-05 11:12:54,140 - Loaded System Directive: org.apache.velocity.runtime.directive.Literal
2006-11-05 11:12:54,140 - Loaded System Directive: org.apache.velocity.runtime.directive.Macro
2006-11-05 11:12:54,140 - Loaded System Directive: org.apache.velocity.runtime.directive.Parse
2006-11-05 11:12:54,156 - Loaded System Directive: org.apache.velocity.runtime.directive.Include
2006-11-05 11:12:54,156 - Loaded System Directive: org.apache.velocity.runtime.directive.Foreach
2006-11-05 11:12:54,328 - Created: 20 parsers.
2006-11-05 11:12:54,328 - Velocimacro : initialization starting.
2006-11-05 11:12:54,328 - Velocimacro : adding VMs from VM library template : VM_global_library.vm
2006-11-05 11:12:54,328 - ResourceManager : unable to find resource 'VM_global_library.vm' in any resource loader.
2006-11-05 11:12:54,328 - Velocimacro : error using  VM library template VM_global_library.vm : org.apache.velocity.exception.ResourceNotFoundException: Unable to find resource 'VM_global_library.vm'
2006-11-05 11:12:54,328 - Velocimacro :  VM library template macro registration complete.
2006-11-05 11:12:54,328 - Velocimacro : allowInline = true : VMs can be defined inline in templates
2006-11-05 11:12:54,328 - Velocimacro : allowInlineToOverride = false : VMs defined inline may NOT replace previous VM definitions
2006-11-05 11:12:54,328 - Velocimacro : allowInlineLocal = false : VMs defined inline will be  global in scope if allowed.
2006-11-05 11:12:54,328 - Velocimacro : messages on  : VM system will output logging messages
2006-11-05 11:12:54,328 - Velocimacro : autoload off  : VM system will not automatically reload global library macros
2006-11-05 11:12:54,328 - Velocimacro : initialization complete.
2006-11-05 11:12:54,328 - Velocity successfully started.
2006-11-05 11:12:54,515 - ResourceManager : found om/sql2entity-Control.vm with loader org.apache.velocity.runtime.resource.loader.FileResourceLoader
2006-11-05 11:12:54,531 - ResourceManager : found sql/base/derby/db.props with loader org.apache.velocity.runtime.resource.loader.FileResourceLoader
2006-11-05 11:12:54,562 - ResourceManager : found om/java/bsentity/PlainBaseEntity.vm with loader org.apache.velocity.runtime.resource.loader.FileResourceLoader
2006-11-05 11:18:51,828 - SimpleLog4JLogSystem initialized using logfile 'velocity.log'
2006-11-05 11:18:51,828 - ************************************************************** 
2006-11-05 11:18:51,828 - Starting Jakarta Velocity v1.3.1
2006-11-05 11:18:51,828 - RuntimeInstance initializing.
2006-11-05 11:18:51,828 - Default Properties File: org\apache\velocity\runtime\defaults\velocity.properties
2006-11-05 11:18:51,828 - Trying to use logger class org.apache.velocity.runtime.log.AvalonLogSystem
2006-11-05 11:18:51,828 - Couldn't find class org.apache.velocity.runtime.log.AvalonLogSystem or necessary supporting classes in classpath. Exception : java.lang.NoClassDefFoundError: org/apache/log/format/Formatter
2006-11-05 11:18:51,828 - Trying to use logger class org.apache.velocity.runtime.log.SimpleLog4JLogSystem
2006-11-05 11:18:51,828 - Using logger class org.apache.velocity.runtime.log.SimpleLog4JLogSystem
2006-11-05 11:18:51,828 - Default ResourceManager initializing. (class org.apache.velocity.runtime.resource.ResourceManagerImpl)
2006-11-05 11:18:51,843 - Resource Loader Instantiated: org.apache.velocity.runtime.resource.loader.FileResourceLoader
2006-11-05 11:18:51,843 - FileResourceLoader : initialization starting.
2006-11-05 11:18:51,843 - FileResourceLoader : adding path 'C:\pj\java\dbflute-0.2.2\templates'
2006-11-05 11:18:51,843 - FileResourceLoader : initialization complete.
2006-11-05 11:18:51,843 - ResourceCache : initialized. (class org.apache.velocity.runtime.resource.ResourceCacheImpl)
2006-11-05 11:18:51,843 - Default ResourceManager initialization complete.
2006-11-05 11:18:51,843 - Loaded System Directive: org.apache.velocity.runtime.directive.Literal
2006-11-05 11:18:51,843 - Loaded System Directive: org.apache.velocity.runtime.directive.Macro
2006-11-05 11:18:51,859 - Loaded System Directive: org.apache.velocity.runtime.directive.Parse
2006-11-05 11:18:51,859 - Loaded System Directive: org.apache.velocity.runtime.directive.Include
2006-11-05 11:18:51,859 - Loaded System Directive: org.apache.velocity.runtime.directive.Foreach
2006-11-05 11:18:52,031 - Created: 20 parsers.
2006-11-05 11:18:52,031 - Velocimacro : initialization starting.
2006-11-05 11:18:52,031 - Velocimacro : adding VMs from VM library template : VM_global_library.vm
2006-11-05 11:18:52,031 - ResourceManager : unable to find resource 'VM_global_library.vm' in any resource loader.
2006-11-05 11:18:52,031 - Velocimacro : error using  VM library template VM_global_library.vm : org.apache.velocity.exception.ResourceNotFoundException: Unable to find resource 'VM_global_library.vm'
2006-11-05 11:18:52,031 - Velocimacro :  VM library template macro registration complete.
2006-11-05 11:18:52,031 - Velocimacro : allowInline = true : VMs can be defined inline in templates
2006-11-05 11:18:52,031 - Velocimacro : allowInlineToOverride = false : VMs defined inline may NOT replace previous VM definitions
2006-11-05 11:18:52,031 - Velocimacro : allowInlineLocal = false : VMs defined inline will be  global in scope if allowed.
2006-11-05 11:18:52,031 - Velocimacro : messages on  : VM system will output logging messages
2006-11-05 11:18:52,031 - Velocimacro : autoload off  : VM system will not automatically reload global library macros
2006-11-05 11:18:52,031 - Velocimacro : initialization complete.
2006-11-05 11:18:52,031 - Velocity successfully started.
2006-11-05 11:18:52,218 - ResourceManager : found om/sql2entity-Control.vm with loader org.apache.velocity.runtime.resource.loader.FileResourceLoader
2006-11-05 11:18:52,234 - ResourceManager : found sql/base/derby/db.props with loader org.apache.velocity.runtime.resource.loader.FileResourceLoader
2006-11-05 11:18:52,265 - ResourceManager : found om/java/bsentity/PlainBaseEntity.vm with loader org.apache.velocity.runtime.resource.loader.FileResourceLoader
2006-11-05 11:26:55,265 - SimpleLog4JLogSystem initialized using logfile 'velocity.log'
2006-11-05 11:26:55,265 - ************************************************************** 
2006-11-05 11:26:55,265 - Starting Jakarta Velocity v1.3.1
2006-11-05 11:26:55,265 - RuntimeInstance initializing.
2006-11-05 11:26:55,265 - Default Properties File: org\apache\velocity\runtime\defaults\velocity.properties
2006-11-05 11:26:55,265 - Trying to use logger class org.apache.velocity.runtime.log.AvalonLogSystem
2006-11-05 11:26:55,265 - Couldn't find class org.apache.velocity.runtime.log.AvalonLogSystem or necessary supporting classes in classpath. Exception : java.lang.NoClassDefFoundError: org/apache/log/format/Formatter
2006-11-05 11:26:55,265 - Trying to use logger class org.apache.velocity.runtime.log.SimpleLog4JLogSystem
2006-11-05 11:26:55,265 - Using logger class org.apache.velocity.runtime.log.SimpleLog4JLogSystem
2006-11-05 11:26:55,265 - Default ResourceManager initializing. (class org.apache.velocity.runtime.resource.ResourceManagerImpl)
2006-11-05 11:26:55,281 - Resource Loader Instantiated: org.apache.velocity.runtime.resource.loader.FileResourceLoader
2006-11-05 11:26:55,281 - FileResourceLoader : initialization starting.
2006-11-05 11:26:55,281 - FileResourceLoader : adding path 'C:\pj\java\dbflute-0.2.2\templates'
2006-11-05 11:26:55,281 - FileResourceLoader : initialization complete.
2006-11-05 11:26:55,281 - ResourceCache : initialized. (class org.apache.velocity.runtime.resource.ResourceCacheImpl)
2006-11-05 11:26:55,281 - Default ResourceManager initialization complete.
2006-11-05 11:26:55,281 - Loaded System Directive: org.apache.velocity.runtime.directive.Literal
2006-11-05 11:26:55,296 - Loaded System Directive: org.apache.velocity.runtime.directive.Macro
2006-11-05 11:26:55,296 - Loaded System Directive: org.apache.velocity.runtime.directive.Parse
2006-11-05 11:26:55,296 - Loaded System Directive: org.apache.velocity.runtime.directive.Include
2006-11-05 11:26:55,296 - Loaded System Directive: org.apache.velocity.runtime.directive.Foreach
2006-11-05 11:26:55,468 - Created: 20 parsers.
2006-11-05 11:26:55,468 - Velocimacro : initialization starting.
2006-11-05 11:26:55,468 - Velocimacro : adding VMs from VM library template : VM_global_library.vm
2006-11-05 11:26:55,468 - ResourceManager : unable to find resource 'VM_global_library.vm' in any resource loader.
2006-11-05 11:26:55,468 - Velocimacro : error using  VM library template VM_global_library.vm : org.apache.velocity.exception.ResourceNotFoundException: Unable to find resource 'VM_global_library.vm'
2006-11-05 11:26:55,468 - Velocimacro :  VM library template macro registration complete.
2006-11-05 11:26:55,468 - Velocimacro : allowInline = true : VMs can be defined inline in templates
2006-11-05 11:26:55,468 - Velocimacro : allowInlineToOverride = false : VMs defined inline may NOT replace previous VM definitions
2006-11-05 11:26:55,468 - Velocimacro : allowInlineLocal = false : VMs defined inline will be  global in scope if allowed.
2006-11-05 11:26:55,468 - Velocimacro : messages on  : VM system will output logging messages
2006-11-05 11:26:55,468 - Velocimacro : autoload off  : VM system will not automatically reload global library macros
2006-11-05 11:26:55,468 - Velocimacro : initialization complete.
2006-11-05 11:26:55,468 - Velocity successfully started.
2006-11-05 11:26:55,656 - ResourceManager : found om/sql2entity-Control.vm with loader org.apache.velocity.runtime.resource.loader.FileResourceLoader
2006-11-05 11:26:55,656 - ResourceManager : found sql/base/derby/db.props with loader org.apache.velocity.runtime.resource.loader.FileResourceLoader
2006-11-05 11:26:55,718 - ResourceManager : found om/java/bsentity/PlainBaseEntity.vm with loader org.apache.velocity.runtime.resource.loader.FileResourceLoader
2006-11-05 11:26:55,734 - ResourceManager : found om/java/exentity/ExtendedEntity.vm with loader org.apache.velocity.runtime.resource.loader.FileResourceLoader
2006-11-05 11:26:55,734 - Method parse threw exception for reference $generator in template om/sql2entity-Control.vm at  [127,9]
2006-11-05 11:28:39,343 - SimpleLog4JLogSystem initialized using logfile 'velocity.log'
2006-11-05 11:28:39,343 - ************************************************************** 
2006-11-05 11:28:39,343 - Starting Jakarta Velocity v1.3.1
2006-11-05 11:28:39,343 - RuntimeInstance initializing.
2006-11-05 11:28:39,343 - Default Properties File: org\apache\velocity\runtime\defaults\velocity.properties
2006-11-05 11:28:39,343 - Trying to use logger class org.apache.velocity.runtime.log.AvalonLogSystem
2006-11-05 11:28:39,343 - Couldn't find class org.apache.velocity.runtime.log.AvalonLogSystem or necessary supporting classes in classpath. Exception : java.lang.NoClassDefFoundError: org/apache/log/format/Formatter
2006-11-05 11:28:39,343 - Trying to use logger class org.apache.velocity.runtime.log.SimpleLog4JLogSystem
2006-11-05 11:28:39,343 - Using logger class org.apache.velocity.runtime.log.SimpleLog4JLogSystem
2006-11-05 11:28:39,343 - Default ResourceManager initializing. (class org.apache.velocity.runtime.resource.ResourceManagerImpl)
2006-11-05 11:28:39,359 - Resource Loader Instantiated: org.apache.velocity.runtime.resource.loader.FileResourceLoader
2006-11-05 11:28:39,359 - FileResourceLoader : initialization starting.
2006-11-05 11:28:39,359 - FileResourceLoader : adding path 'C:\pj\java\dbflute-0.2.2\templates'
2006-11-05 11:28:39,359 - FileResourceLoader : initialization complete.
2006-11-05 11:28:39,359 - ResourceCache : initialized. (class org.apache.velocity.runtime.resource.ResourceCacheImpl)
2006-11-05 11:28:39,359 - Default ResourceManager initialization complete.
2006-11-05 11:28:39,359 - Loaded System Directive: org.apache.velocity.runtime.directive.Literal
2006-11-05 11:28:39,375 - Loaded System Directive: org.apache.velocity.runtime.directive.Macro
2006-11-05 11:28:39,375 - Loaded System Directive: org.apache.velocity.runtime.directive.Parse
2006-11-05 11:28:39,375 - Loaded System Directive: org.apache.velocity.runtime.directive.Include
2006-11-05 11:28:39,375 - Loaded System Directive: org.apache.velocity.runtime.directive.Foreach
2006-11-05 11:28:39,546 - Created: 20 parsers.
2006-11-05 11:28:39,546 - Velocimacro : initialization starting.
2006-11-05 11:28:39,546 - Velocimacro : adding VMs from VM library template : VM_global_library.vm
2006-11-05 11:28:39,546 - ResourceManager : unable to find resource 'VM_global_library.vm' in any resource loader.
2006-11-05 11:28:39,546 - Velocimacro : error using  VM library template VM_global_library.vm : org.apache.velocity.exception.ResourceNotFoundException: Unable to find resource 'VM_global_library.vm'
2006-11-05 11:28:39,546 - Velocimacro :  VM library template macro registration complete.
2006-11-05 11:28:39,546 - Velocimacro : allowInline = true : VMs can be defined inline in templates
2006-11-05 11:28:39,546 - Velocimacro : allowInlineToOverride = false : VMs defined inline may NOT replace previous VM definitions
2006-11-05 11:28:39,546 - Velocimacro : allowInlineLocal = false : VMs defined inline will be  global in scope if allowed.
2006-11-05 11:28:39,546 - Velocimacro : messages on  : VM system will output logging messages
2006-11-05 11:28:39,546 - Velocimacro : autoload off  : VM system will not automatically reload global library macros
2006-11-05 11:28:39,546 - Velocimacro : initialization complete.
2006-11-05 11:28:39,546 - Velocity successfully started.
2006-11-05 11:28:39,734 - ResourceManager : found om/sql2entity-Control.vm with loader org.apache.velocity.runtime.resource.loader.FileResourceLoader
2006-11-05 11:28:39,750 - ResourceManager : found sql/base/derby/db.props with loader org.apache.velocity.runtime.resource.loader.FileResourceLoader
2006-11-05 11:28:39,796 - ResourceManager : found om/java/bsentity/PlainBaseEntity.vm with loader org.apache.velocity.runtime.resource.loader.FileResourceLoader
2006-11-05 11:28:39,812 - ResourceManager : found om/java/exentity/ExtendedEntity.vm with loader org.apache.velocity.runtime.resource.loader.FileResourceLoader
2006-11-05 20:40:19,609 - SimpleLog4JLogSystem initialized using logfile 'velocity.log'
2006-11-05 20:40:19,609 - ************************************************************** 
2006-11-05 20:40:19,609 - Starting Jakarta Velocity v1.3.1
2006-11-05 20:40:19,609 - RuntimeInstance initializing.
2006-11-05 20:40:19,609 - Default Properties File: org\apache\velocity\runtime\defaults\velocity.properties
2006-11-05 20:40:19,609 - Trying to use logger class org.apache.velocity.runtime.log.AvalonLogSystem
2006-11-05 20:40:19,609 - Couldn't find class org.apache.velocity.runtime.log.AvalonLogSystem or necessary supporting classes in classpath. Exception : java.lang.NoClassDefFoundError: org/apache/log/format/Formatter
2006-11-05 20:40:19,609 - Trying to use logger class org.apache.velocity.runtime.log.SimpleLog4JLogSystem
2006-11-05 20:40:19,609 - Using logger class org.apache.velocity.runtime.log.SimpleLog4JLogSystem
2006-11-05 20:40:19,625 - Default ResourceManager initializing. (class org.apache.velocity.runtime.resource.ResourceManagerImpl)
2006-11-05 20:40:19,625 - Resource Loader Instantiated: org.apache.velocity.runtime.resource.loader.FileResourceLoader
2006-11-05 20:40:19,625 - FileResourceLoader : initialization starting.
2006-11-05 20:40:19,625 - FileResourceLoader : adding path 'C:\pj\java\dbflute-0.2.2\templates'
2006-11-05 20:40:19,625 - FileResourceLoader : initialization complete.
2006-11-05 20:40:19,625 - ResourceCache : initialized. (class org.apache.velocity.runtime.resource.ResourceCacheImpl)
2006-11-05 20:40:19,625 - Default ResourceManager initialization complete.
2006-11-05 20:40:19,640 - Loaded System Directive: org.apache.velocity.runtime.directive.Literal
2006-11-05 20:40:19,640 - Loaded System Directive: org.apache.velocity.runtime.directive.Macro
2006-11-05 20:40:19,640 - Loaded System Directive: org.apache.velocity.runtime.directive.Parse
2006-11-05 20:40:19,640 - Loaded System Directive: org.apache.velocity.runtime.directive.Include
2006-11-05 20:40:19,656 - Loaded System Directive: org.apache.velocity.runtime.directive.Foreach
2006-11-05 20:40:19,812 - Created: 20 parsers.
2006-11-05 20:40:19,812 - Velocimacro : initialization starting.
2006-11-05 20:40:19,812 - Velocimacro : adding VMs from VM library template : VM_global_library.vm
2006-11-05 20:40:19,828 - ResourceManager : unable to find resource 'VM_global_library.vm' in any resource loader.
2006-11-05 20:40:19,828 - Velocimacro : error using  VM library template VM_global_library.vm : org.apache.velocity.exception.ResourceNotFoundException: Unable to find resource 'VM_global_library.vm'
2006-11-05 20:40:19,828 - Velocimacro :  VM library template macro registration complete.
2006-11-05 20:40:19,828 - Velocimacro : allowInline = true : VMs can be defined inline in templates
2006-11-05 20:40:19,828 - Velocimacro : allowInlineToOverride = false : VMs defined inline may NOT replace previous VM definitions
2006-11-05 20:40:19,828 - Velocimacro : allowInlineLocal = false : VMs defined inline will be  global in scope if allowed.
2006-11-05 20:40:19,828 - Velocimacro : messages on  : VM system will output logging messages
2006-11-05 20:40:19,828 - Velocimacro : autoload off  : VM system will not automatically reload global library macros
2006-11-05 20:40:19,828 - Velocimacro : initialization complete.
2006-11-05 20:40:19,828 - Velocity successfully started.
2006-11-05 20:40:20,015 - ResourceManager : found om/sql2entity-Control.vm with loader org.apache.velocity.runtime.resource.loader.FileResourceLoader
2006-11-05 20:40:20,031 - ResourceManager : found sql/base/derby/db.props with loader org.apache.velocity.runtime.resource.loader.FileResourceLoader
2006-11-05 20:40:20,062 - ResourceManager : found om/java/bsentity/PlainBaseEntity.vm with loader org.apache.velocity.runtime.resource.loader.FileResourceLoader
